[debug] [2021-02-14T14:05:53.769Z] ----------------------------------------------------------------------
[debug] [2021-02-14T14:05:53.772Z] Command:       C:\Program Files\nodejs\node.exe C:\Users\myltiane\AppData\Roaming\npm\node_modules\firebase-tools\lib\bin\firebase.js init
[debug] [2021-02-14T14:05:53.772Z] CLI Version:   9.3.0
[debug] [2021-02-14T14:05:53.772Z] Platform:      win32
[debug] [2021-02-14T14:05:53.773Z] Node Version:  v14.15.3
[debug] [2021-02-14T14:05:53.774Z] Time:          Sun Feb 14 2021 11:05:53 GMT-0300 (Horário Padrão de Brasília)
[debug] [2021-02-14T14:05:53.774Z] ----------------------------------------------------------------------
[debug] [2021-02-14T14:05:53.774Z] 
[debug] [2021-02-14T14:05:53.781Z] > command requires scopes: ["email","openid","https://www.googleapis.com/auth/cloudplatformprojects.readonly","https://www.googleapis.com/auth/firebase","https://www.googleapis.com/auth/cloud-platform"]
[debug] [2021-02-14T14:05:53.782Z] > authorizing via signed-in user
[info] 
     ######## #### ########  ######## ########     ###     ######  ########
     ##        ##  ##     ## ##       ##     ##  ##   ##  ##       ##
     ######    ##  ########  ######   ########  #########  ######  ######
     ##        ##  ##    ##  ##       ##     ## ##     ##       ## ##
     ##       #### ##     ## ######## ########  ##     ##  ######  ########

You're about to initialize a Firebase project in this directory:

  C:\refazendojs

Before we get started, keep in mind:

  * You are currently outside your home directory

